2021-09-02 11:12:57,877 INFO /Users/kuainiu/PycharmProjects/auto-test/app/api/web/__init__.py hello_world 14 hello web api!
2021-12-04 10:53:47,869 ERROR /Users/kuainiu/PycharmProjects/auto-test/venv/lib/python3.7/site-packages/flask/app.py log_exception 1455 Exception on /api/backend/menu [GET]
Traceback (most recent call last):
  File "/Users/kuainiu/PycharmProjects/auto-test/venv/lib/python3.7/site-packages/pymysql/connections.py", line 614, in connect
    (self.host, self.port), self.connect_timeout, **kwargs
  File "/Users/kuainiu/PycharmProjects/auto-test/venv/lib/python3.7/site-packages/gevent/socket.py", line 101, in create_connection
    sock.connect(sa)
  File "/Users/kuainiu/PycharmProjects/auto-test/venv/lib/python3.7/site-packages/gevent/_socketcommon.py", line 613, in connect
    self._wait(self._write_event)
  File "src/gevent/_hub_primitives.py", line 317, in gevent._gevent_c_hub_primitives.wait_on_socket
  File "src/gevent/_hub_primitives.py", line 322, in gevent._gevent_c_hub_primitives.wait_on_socket
  File "src/gevent/_hub_primitives.py", line 313, in gevent._gevent_c_hub_primitives._primitive_wait
  File "src/gevent/_hub_primitives.py", line 314, in gevent._gevent_c_hub_primitives._primitive_wait
  File "src/gevent/_hub_primitives.py", line 46, in gevent._gevent_c_hub_primitives.WaitOperationsGreenlet.wait
  File "src/gevent/_hub_primitives.py", line 46, in gevent._gevent_c_hub_primitives.WaitOperationsGreenlet.wait
  File "src/gevent/_hub_primitives.py", line 55, in gevent._gevent_c_hub_primitives.WaitOperationsGreenlet.wait
  File "src/gevent/_waiter.py", line 154, in gevent._gevent_c_waiter.Waiter.get
  File "src/gevent/_greenlet_primitives.py", line 61, in gevent._gevent_c_greenlet_primitives.SwitchOutGreenletWithLoop.switch
  File "src/gevent/_greenlet_primitives.py", line 61, in gevent._gevent_c_greenlet_primitives.SwitchOutGreenletWithLoop.switch
  File "src/gevent/_greenlet_primitives.py", line 65, in gevent._gevent_c_greenlet_primitives.SwitchOutGreenletWithLoop.switch
  File "src/gevent/_gevent_c_greenlet_primitives.pxd", line 35, in gevent._gevent_c_greenlet_primitives._greenlet_switch
socket.timeout: timed out

During handling of the above exception, another exception occurred:

Traceback (most recent call last):
  File "/Users/kuainiu/PycharmProjects/auto-test/venv/lib/python3.7/site-packages/sqlalchemy/engine/base.py", line 3211, in _wrap_pool_connect
    return fn()
  File "/Users/kuainiu/PycharmProjects/auto-test/venv/lib/python3.7/site-packages/sqlalchemy/pool/base.py", line 307, in connect
    return _ConnectionFairy._checkout(self)
  File "/Users/kuainiu/PycharmProjects/auto-test/venv/lib/python3.7/site-packages/sqlalchemy/pool/base.py", line 767, in _checkout
    fairy = _ConnectionRecord.checkout(pool)
  File "/Users/kuainiu/PycharmProjects/auto-test/venv/lib/python3.7/site-packages/sqlalchemy/pool/base.py", line 425, in checkout
    rec = pool._do_get()
  File "/Users/kuainiu/PycharmProjects/auto-test/venv/lib/python3.7/site-packages/sqlalchemy/pool/impl.py", line 146, in _do_get
    self._dec_overflow()
  File "/Users/kuainiu/PycharmProjects/auto-test/venv/lib/python3.7/site-packages/sqlalchemy/util/langhelpers.py", line 72, in __exit__
    with_traceback=exc_tb,
  File "/Users/kuainiu/PycharmProjects/auto-test/venv/lib/python3.7/site-packages/sqlalchemy/util/compat.py", line 207, in raise_
    raise exception
  File "/Users/kuainiu/PycharmProjects/auto-test/venv/lib/python3.7/site-packages/sqlalchemy/pool/impl.py", line 143, in _do_get
    return self._create_connection()
  File "/Users/kuainiu/PycharmProjects/auto-test/venv/lib/python3.7/site-packages/sqlalchemy/pool/base.py", line 253, in _create_connection
    return _ConnectionRecord(self)
  File "/Users/kuainiu/PycharmProjects/auto-test/venv/lib/python3.7/site-packages/sqlalchemy/pool/base.py", line 368, in __init__
    self.__connect()
  File "/Users/kuainiu/PycharmProjects/auto-test/venv/lib/python3.7/site-packages/sqlalchemy/pool/base.py", line 611, in __connect
    pool.logger.debug("Error on connect(): %s", e)
  File "/Users/kuainiu/PycharmProjects/auto-test/venv/lib/python3.7/site-packages/sqlalchemy/util/langhelpers.py", line 72, in __exit__
    with_traceback=exc_tb,
  File "/Users/kuainiu/PycharmProjects/auto-test/venv/lib/python3.7/site-packages/sqlalchemy/util/compat.py", line 207, in raise_
    raise exception
  File "/Users/kuainiu/PycharmProjects/auto-test/venv/lib/python3.7/site-packages/sqlalchemy/pool/base.py", line 605, in __connect
    connection = pool._invoke_creator(self)
  File "/Users/kuainiu/PycharmProjects/auto-test/venv/lib/python3.7/site-packages/sqlalchemy/engine/create.py", line 578, in connect
    return dialect.connect(*cargs, **cparams)
  File "/Users/kuainiu/PycharmProjects/auto-test/venv/lib/python3.7/site-packages/sqlalchemy/engine/default.py", line 584, in connect
    return self.dbapi.connect(*cargs, **cparams)
  File "/Users/kuainiu/PycharmProjects/auto-test/venv/lib/python3.7/site-packages/pymysql/connections.py", line 353, in __init__
    self.connect()
  File "/Users/kuainiu/PycharmProjects/auto-test/venv/lib/python3.7/site-packages/pymysql/connections.py", line 664, in connect
    raise exc
pymysql.err.OperationalError: (2003, "Can't connect to MySQL server on '10.1.0.15' (timed out)")

The above exception was the direct cause of the following exception:

Traceback (most recent call last):
  File "/Users/kuainiu/PycharmProjects/auto-test/venv/lib/python3.7/site-packages/flask/app.py", line 2070, in wsgi_app
    response = self.full_dispatch_request()
  File "/Users/kuainiu/PycharmProjects/auto-test/venv/lib/python3.7/site-packages/flask/app.py", line 1515, in full_dispatch_request
    rv = self.handle_user_exception(e)
  File "/Users/kuainiu/PycharmProjects/auto-test/venv/lib/python3.7/site-packages/flask/app.py", line 1513, in full_dispatch_request
    rv = self.dispatch_request()
  File "/Users/kuainiu/PycharmProjects/auto-test/venv/lib/python3.7/site-packages/flask/app.py", line 1499, in dispatch_request
    return self.ensure_sync(self.view_functions[rule.endpoint])(**req.view_args)
  File "/Users/kuainiu/PycharmProjects/auto-test/app/api/web/__init__.py", line 23, in get_menu
    menu_list = Menu.query.filter(Menu.menu_parent_id == 0).order_by(Menu.menu_order).all()
  File "/Users/kuainiu/PycharmProjects/auto-test/venv/lib/python3.7/site-packages/sqlalchemy/orm/query.py", line 2699, in all
    return self._iter().all()
  File "/Users/kuainiu/PycharmProjects/auto-test/venv/lib/python3.7/site-packages/sqlalchemy/orm/query.py", line 2837, in _iter
    execution_options={"_sa_orm_load_options": self.load_options},
  File "/Users/kuainiu/PycharmProjects/auto-test/venv/lib/python3.7/site-packages/sqlalchemy/orm/session.py", line 1683, in execute
    conn = self._connection_for_bind(bind, close_with_result=True)
  File "/Users/kuainiu/PycharmProjects/auto-test/venv/lib/python3.7/site-packages/sqlalchemy/orm/session.py", line 1535, in _connection_for_bind
    conn = engine.connect(**kw)
  File "/Users/kuainiu/PycharmProjects/auto-test/venv/lib/python3.7/site-packages/sqlalchemy/engine/base.py", line 3165, in connect
    return self._connection_cls(self, close_with_result=close_with_result)
  File "/Users/kuainiu/PycharmProjects/auto-test/venv/lib/python3.7/site-packages/sqlalchemy/engine/base.py", line 96, in __init__
    else engine.raw_connection()
  File "/Users/kuainiu/PycharmProjects/auto-test/venv/lib/python3.7/site-packages/sqlalchemy/engine/base.py", line 3244, in raw_connection
    return self._wrap_pool_connect(self.pool.connect, _connection)
  File "/Users/kuainiu/PycharmProjects/auto-test/venv/lib/python3.7/site-packages/sqlalchemy/engine/base.py", line 3215, in _wrap_pool_connect
    e, dialect, self
  File "/Users/kuainiu/PycharmProjects/auto-test/venv/lib/python3.7/site-packages/sqlalchemy/engine/base.py", line 2069, in _handle_dbapi_exception_noconnection
    sqlalchemy_exception, with_traceback=exc_info[2], from_=e
  File "/Users/kuainiu/PycharmProjects/auto-test/venv/lib/python3.7/site-packages/sqlalchemy/util/compat.py", line 207, in raise_
    raise exception
  File "/Users/kuainiu/PycharmProjects/auto-test/venv/lib/python3.7/site-packages/sqlalchemy/engine/base.py", line 3211, in _wrap_pool_connect
    return fn()
  File "/Users/kuainiu/PycharmProjects/auto-test/venv/lib/python3.7/site-packages/sqlalchemy/pool/base.py", line 307, in connect
    return _ConnectionFairy._checkout(self)
  File "/Users/kuainiu/PycharmProjects/auto-test/venv/lib/python3.7/site-packages/sqlalchemy/pool/base.py", line 767, in _checkout
    fairy = _ConnectionRecord.checkout(pool)
  File "/Users/kuainiu/PycharmProjects/auto-test/venv/lib/python3.7/site-packages/sqlalchemy/pool/base.py", line 425, in checkout
    rec = pool._do_get()
  File "/Users/kuainiu/PycharmProjects/auto-test/venv/lib/python3.7/site-packages/sqlalchemy/pool/impl.py", line 146, in _do_get
    self._dec_overflow()
  File "/Users/kuainiu/PycharmProjects/auto-test/venv/lib/python3.7/site-packages/sqlalchemy/util/langhelpers.py", line 72, in __exit__
    with_traceback=exc_tb,
  File "/Users/kuainiu/PycharmProjects/auto-test/venv/lib/python3.7/site-packages/sqlalchemy/util/compat.py", line 207, in raise_
    raise exception
  File "/Users/kuainiu/PycharmProjects/auto-test/venv/lib/python3.7/site-packages/sqlalchemy/pool/impl.py", line 143, in _do_get
    return self._create_connection()
  File "/Users/kuainiu/PycharmProjects/auto-test/venv/lib/python3.7/site-packages/sqlalchemy/pool/base.py", line 253, in _create_connection
    return _ConnectionRecord(self)
  File "/Users/kuainiu/PycharmProjects/auto-test/venv/lib/python3.7/site-packages/sqlalchemy/pool/base.py", line 368, in __init__
    self.__connect()
  File "/Users/kuainiu/PycharmProjects/auto-test/venv/lib/python3.7/site-packages/sqlalchemy/pool/base.py", line 611, in __connect
    pool.logger.debug("Error on connect(): %s", e)
  File "/Users/kuainiu/PycharmProjects/auto-test/venv/lib/python3.7/site-packages/sqlalchemy/util/langhelpers.py", line 72, in __exit__
    with_traceback=exc_tb,
  File "/Users/kuainiu/PycharmProjects/auto-test/venv/lib/python3.7/site-packages/sqlalchemy/util/compat.py", line 207, in raise_
    raise exception
  File "/Users/kuainiu/PycharmProjects/auto-test/venv/lib/python3.7/site-packages/sqlalchemy/pool/base.py", line 605, in __connect
    connection = pool._invoke_creator(self)
  File "/Users/kuainiu/PycharmProjects/auto-test/venv/lib/python3.7/site-packages/sqlalchemy/engine/create.py", line 578, in connect
    return dialect.connect(*cargs, **cparams)
  File "/Users/kuainiu/PycharmProjects/auto-test/venv/lib/python3.7/site-packages/sqlalchemy/engine/default.py", line 584, in connect
    return self.dbapi.connect(*cargs, **cparams)
  File "/Users/kuainiu/PycharmProjects/auto-test/venv/lib/python3.7/site-packages/pymysql/connections.py", line 353, in __init__
    self.connect()
  File "/Users/kuainiu/PycharmProjects/auto-test/venv/lib/python3.7/site-packages/pymysql/connections.py", line 664, in connect
    raise exc
sqlalchemy.exc.OperationalError: (pymysql.err.OperationalError) (2003, "Can't connect to MySQL server on '10.1.0.15' (timed out)")
(Background on this error at: http://sqlalche.me/e/14/e3q8)
2022-03-29 18:37:47,977 INFO /Users/kuainiu/PycharmProjects/auto-test/app/api/nacos/__init__.py hello_world 14 hello nacos api!
2023-01-10 15:25:27,359 INFO /Users/kuainiu/PycharmProjects/auto-test/app/services/__init__.py change_asset_due_at 312 [{"channel": "KN10001", "num": "1", "loanNo": "1047175727827218433", "dueDate": "20221209"}, {"channel": "KN10001", "num": "2", "loanNo": "1047175727827218433", "dueDate": "20230109"}, {"channel": "KN10001", "num": "3", "loanNo": "1047175727827218433", "dueDate": "20230209"}, {"channel": "KN10001", "num": "4", "loanNo": "1047175727827218433", "dueDate": "20230309"}, {"channel": "KN10001", "num": "5", "loanNo": "1047175727827218433", "dueDate": "20230409"}, {"channel": "KN10001", "num": "6", "loanNo": "1047175727827218433", "dueDate": "20230509"}, {"channel": "KN10001", "num": "7", "loanNo": "1047175727827218433", "dueDate": "20230609"}, {"channel": "KN10001", "num": "8", "loanNo": "1047175727827218433", "dueDate": "20230709"}, {"channel": "KN10001", "num": "9", "loanNo": "1047175727827218433", "dueDate": "20230809"}, {"channel": "KN10001", "num": "10", "loanNo": "1047175727827218433", "dueDate": "20230909"}, {"channel": "KN10001", "num": "11", "loanNo": "1047175727827218433", "dueDate": "20231009"}, {"channel": "KN10001", "num": "12", "loanNo": "1047175727827218433", "dueDate": "20231109"}]
2023-01-10 15:25:27,360 INFO /Users/kuainiu/PycharmProjects/auto-test/app/services/__init__.py change_asset_due_at 313 {"channel": "KN10001", "loanNo": "1047175727827218433", "lenderTime": "20221109152522"}
2023-01-11 17:07:09,581 INFO /Users/kuainiu/PycharmProjects/auto-test/app/services/__init__.py change_asset_due_at 312 [{"channel": "KN10001", "num": "1", "loanNo": "1047825509176406017", "dueDate": "20230107"}, {"channel": "KN10001", "num": "2", "loanNo": "1047825509176406017", "dueDate": "20230207"}, {"channel": "KN10001", "num": "3", "loanNo": "1047825509176406017", "dueDate": "20230307"}, {"channel": "KN10001", "num": "4", "loanNo": "1047825509176406017", "dueDate": "20230407"}, {"channel": "KN10001", "num": "5", "loanNo": "1047825509176406017", "dueDate": "20230507"}, {"channel": "KN10001", "num": "6", "loanNo": "1047825509176406017", "dueDate": "20230607"}, {"channel": "KN10001", "num": "7", "loanNo": "1047825509176406017", "dueDate": "20230707"}, {"channel": "KN10001", "num": "8", "loanNo": "1047825509176406017", "dueDate": "20230807"}, {"channel": "KN10001", "num": "9", "loanNo": "1047825509176406017", "dueDate": "20230907"}, {"channel": "KN10001", "num": "10", "loanNo": "1047825509176406017", "dueDate": "20231007"}, {"channel": "KN10001", "num": "11", "loanNo": "1047825509176406017", "dueDate": "20231107"}, {"channel": "KN10001", "num": "12", "loanNo": "1047825509176406017", "dueDate": "20231207"}]
2023-01-11 17:07:09,590 INFO /Users/kuainiu/PycharmProjects/auto-test/app/services/__init__.py change_asset_due_at 313 {"channel": "KN10001", "loanNo": "1047175727827218433", "lenderTime": "20221207170704"}
2023-01-11 17:25:11,011 INFO /Users/kuainiu/PycharmProjects/auto-test/app/services/__init__.py change_asset_due_at 312 [{"channel": "KN10001", "num": "1", "loanNo": "1047825509176406017", "dueDate": "20221207"}, {"channel": "KN10001", "num": "2", "loanNo": "1047825509176406017", "dueDate": "20230107"}, {"channel": "KN10001", "num": "3", "loanNo": "1047825509176406017", "dueDate": "20230207"}, {"channel": "KN10001", "num": "4", "loanNo": "1047825509176406017", "dueDate": "20230307"}, {"channel": "KN10001", "num": "5", "loanNo": "1047825509176406017", "dueDate": "20230407"}, {"channel": "KN10001", "num": "6", "loanNo": "1047825509176406017", "dueDate": "20230507"}, {"channel": "KN10001", "num": "7", "loanNo": "1047825509176406017", "dueDate": "20230607"}, {"channel": "KN10001", "num": "8", "loanNo": "1047825509176406017", "dueDate": "20230707"}, {"channel": "KN10001", "num": "9", "loanNo": "1047825509176406017", "dueDate": "20230807"}, {"channel": "KN10001", "num": "10", "loanNo": "1047825509176406017", "dueDate": "20230907"}, {"channel": "KN10001", "num": "11", "loanNo": "1047825509176406017", "dueDate": "20231007"}, {"channel": "KN10001", "num": "12", "loanNo": "1047825509176406017", "dueDate": "20231107"}]
2023-01-11 17:25:11,015 INFO /Users/kuainiu/PycharmProjects/auto-test/app/services/__init__.py change_asset_due_at 313 {"channel": "KN10001", "loanNo": "1047175727827218433", "lenderTime": "20221107172505"}
2023-01-11 17:26:06,861 INFO /Users/kuainiu/PycharmProjects/auto-test/app/services/__init__.py change_asset_due_at 312 [{"channel": "KN10001", "num": "1", "loanNo": "1047825509176406017", "dueDate": "20221207"}, {"channel": "KN10001", "num": "2", "loanNo": "1047825509176406017", "dueDate": "20230107"}, {"channel": "KN10001", "num": "3", "loanNo": "1047825509176406017", "dueDate": "20230207"}, {"channel": "KN10001", "num": "4", "loanNo": "1047825509176406017", "dueDate": "20230307"}, {"channel": "KN10001", "num": "5", "loanNo": "1047825509176406017", "dueDate": "20230407"}, {"channel": "KN10001", "num": "6", "loanNo": "1047825509176406017", "dueDate": "20230507"}, {"channel": "KN10001", "num": "7", "loanNo": "1047825509176406017", "dueDate": "20230607"}, {"channel": "KN10001", "num": "8", "loanNo": "1047825509176406017", "dueDate": "20230707"}, {"channel": "KN10001", "num": "9", "loanNo": "1047825509176406017", "dueDate": "20230807"}, {"channel": "KN10001", "num": "10", "loanNo": "1047825509176406017", "dueDate": "20230907"}, {"channel": "KN10001", "num": "11", "loanNo": "1047825509176406017", "dueDate": "20231007"}, {"channel": "KN10001", "num": "12", "loanNo": "1047825509176406017", "dueDate": "20231107"}]
2023-01-11 17:26:06,868 INFO /Users/kuainiu/PycharmProjects/auto-test/app/services/__init__.py change_asset_due_at 313 {"channel": "KN10001", "loanNo": "1047175727827218433", "lenderTime": "20221107172602"}
2023-01-12 09:52:19,654 INFO /Users/kuainiu/PycharmProjects/auto-test/app/services/__init__.py change_asset_due_at 312 [{"channel": "KN10001", "num": "1", "loanNo": "1047825509176406017", "dueDate": "20221108"}, {"channel": "KN10001", "num": "2", "loanNo": "1047825509176406017", "dueDate": "20221208"}, {"channel": "KN10001", "num": "3", "loanNo": "1047825509176406017", "dueDate": "20230108"}, {"channel": "KN10001", "num": "4", "loanNo": "1047825509176406017", "dueDate": "20230208"}, {"channel": "KN10001", "num": "5", "loanNo": "1047825509176406017", "dueDate": "20230308"}, {"channel": "KN10001", "num": "6", "loanNo": "1047825509176406017", "dueDate": "20230408"}, {"channel": "KN10001", "num": "7", "loanNo": "1047825509176406017", "dueDate": "20230508"}, {"channel": "KN10001", "num": "8", "loanNo": "1047825509176406017", "dueDate": "20230608"}, {"channel": "KN10001", "num": "9", "loanNo": "1047825509176406017", "dueDate": "20230708"}, {"channel": "KN10001", "num": "10", "loanNo": "1047825509176406017", "dueDate": "20230808"}, {"channel": "KN10001", "num": "11", "loanNo": "1047825509176406017", "dueDate": "20230908"}, {"channel": "KN10001", "num": "12", "loanNo": "1047825509176406017", "dueDate": "20231008"}]
2023-01-12 09:52:19,658 INFO /Users/kuainiu/PycharmProjects/auto-test/app/services/__init__.py change_asset_due_at 313 {"channel": "KN10001", "loanNo": "1047175727827218433", "lenderTime": "20221008095213"}
2023-01-12 16:50:29,318 INFO /Users/kuainiu/PycharmProjects/auto-test/app/services/__init__.py change_asset_due_at 312 [{"channel": "KN10001", "num": "1", "loanNo": "DNS20231673510845", "dueDate": "20221210"}, {"channel": "KN10001", "num": "2", "loanNo": "DNS20231673510845", "dueDate": "20230110"}, {"channel": "KN10001", "num": "3", "loanNo": "DNS20231673510845", "dueDate": "20230210"}, {"channel": "KN10001", "num": "4", "loanNo": "DNS20231673510845", "dueDate": "20230310"}, {"channel": "KN10001", "num": "5", "loanNo": "DNS20231673510845", "dueDate": "20230410"}, {"channel": "KN10001", "num": "6", "loanNo": "DNS20231673510845", "dueDate": "20230510"}, {"channel": "KN10001", "num": "7", "loanNo": "DNS20231673510845", "dueDate": "20230610"}, {"channel": "KN10001", "num": "8", "loanNo": "DNS20231673510845", "dueDate": "20230710"}, {"channel": "KN10001", "num": "9", "loanNo": "DNS20231673510845", "dueDate": "20230810"}, {"channel": "KN10001", "num": "10", "loanNo": "DNS20231673510845", "dueDate": "20230910"}, {"channel": "KN10001", "num": "11", "loanNo": "DNS20231673510845", "dueDate": "20231010"}, {"channel": "KN10001", "num": "12", "loanNo": "DNS20231673510845", "dueDate": "20231110"}]
2023-01-12 16:50:29,320 INFO /Users/kuainiu/PycharmProjects/auto-test/app/services/__init__.py change_asset_due_at 313 {"channel": "KN10001", "loanNo": "1047175727827218433", "lenderTime": "20221110165023"}
2023-02-14 17:56:23,645 INFO /Users/kuainiu/PycharmProjects/auto-test/app/services/__init__.py change_asset_due_at 318 [{"channel": "KN10001", "num": "1", "loanNo": "DNB20231673941397", "dueDate": "20230214"}, {"channel": "KN10001", "num": "2", "loanNo": "DNB20231673941397", "dueDate": "20230314"}, {"channel": "KN10001", "num": "3", "loanNo": "DNB20231673941397", "dueDate": "20230414"}, {"channel": "KN10001", "num": "4", "loanNo": "DNB20231673941397", "dueDate": "20230514"}, {"channel": "KN10001", "num": "5", "loanNo": "DNB20231673941397", "dueDate": "20230614"}, {"channel": "KN10001", "num": "6", "loanNo": "DNB20231673941397", "dueDate": "20230714"}, {"channel": "KN10001", "num": "7", "loanNo": "DNB20231673941397", "dueDate": "20230814"}, {"channel": "KN10001", "num": "8", "loanNo": "DNB20231673941397", "dueDate": "20230914"}, {"channel": "KN10001", "num": "9", "loanNo": "DNB20231673941397", "dueDate": "20231014"}, {"channel": "KN10001", "num": "10", "loanNo": "DNB20231673941397", "dueDate": "20231114"}, {"channel": "KN10001", "num": "11", "loanNo": "DNB20231673941397", "dueDate": "20231214"}, {"channel": "KN10001", "num": "12", "loanNo": "DNB20231673941397", "dueDate": "20240114"}]
2023-02-14 17:56:23,648 INFO /Users/kuainiu/PycharmProjects/auto-test/app/services/__init__.py change_asset_due_at 319 {"channel": "KN10001", "loanNo": "1047175727827218433", "lenderTime": "20230114175618"}
2023-02-14 17:57:14,505 INFO /Users/kuainiu/PycharmProjects/auto-test/app/services/__init__.py change_asset_due_at 318 [{"channel": "KN10001", "num": "1", "loanNo": "DNB20231673941397", "dueDate": "20221212"}, {"channel": "KN10001", "num": "2", "loanNo": "DNB20231673941397", "dueDate": "20230112"}, {"channel": "KN10001", "num": "3", "loanNo": "DNB20231673941397", "dueDate": "20230212"}, {"channel": "KN10001", "num": "4", "loanNo": "DNB20231673941397", "dueDate": "20230312"}, {"channel": "KN10001", "num": "5", "loanNo": "DNB20231673941397", "dueDate": "20230412"}, {"channel": "KN10001", "num": "6", "loanNo": "DNB20231673941397", "dueDate": "20230512"}, {"channel": "KN10001", "num": "7", "loanNo": "DNB20231673941397", "dueDate": "20230612"}, {"channel": "KN10001", "num": "8", "loanNo": "DNB20231673941397", "dueDate": "20230712"}, {"channel": "KN10001", "num": "9", "loanNo": "DNB20231673941397", "dueDate": "20230812"}, {"channel": "KN10001", "num": "10", "loanNo": "DNB20231673941397", "dueDate": "20230912"}, {"channel": "KN10001", "num": "11", "loanNo": "DNB20231673941397", "dueDate": "20231012"}, {"channel": "KN10001", "num": "12", "loanNo": "DNB20231673941397", "dueDate": "20231112"}]
2023-02-14 17:57:14,506 INFO /Users/kuainiu/PycharmProjects/auto-test/app/services/__init__.py change_asset_due_at 319 {"channel": "KN10001", "loanNo": "1047175727827218433", "lenderTime": "20221112175708"}
2023-02-14 18:00:24,255 INFO /Users/kuainiu/PycharmProjects/auto-test/app/services/__init__.py change_asset_due_at 318 [{"channel": "KN10001", "num": "1", "loanNo": "DNB20231673941397", "dueDate": "20221202"}, {"channel": "KN10001", "num": "2", "loanNo": "DNB20231673941397", "dueDate": "20230102"}, {"channel": "KN10001", "num": "3", "loanNo": "DNB20231673941397", "dueDate": "20230202"}, {"channel": "KN10001", "num": "4", "loanNo": "DNB20231673941397", "dueDate": "20230302"}, {"channel": "KN10001", "num": "5", "loanNo": "DNB20231673941397", "dueDate": "20230402"}, {"channel": "KN10001", "num": "6", "loanNo": "DNB20231673941397", "dueDate": "20230502"}, {"channel": "KN10001", "num": "7", "loanNo": "DNB20231673941397", "dueDate": "20230602"}, {"channel": "KN10001", "num": "8", "loanNo": "DNB20231673941397", "dueDate": "20230702"}, {"channel": "KN10001", "num": "9", "loanNo": "DNB20231673941397", "dueDate": "20230802"}, {"channel": "KN10001", "num": "10", "loanNo": "DNB20231673941397", "dueDate": "20230902"}, {"channel": "KN10001", "num": "11", "loanNo": "DNB20231673941397", "dueDate": "20231002"}, {"channel": "KN10001", "num": "12", "loanNo": "DNB20231673941397", "dueDate": "20231102"}]
2023-02-14 18:00:24,257 INFO /Users/kuainiu/PycharmProjects/auto-test/app/services/__init__.py change_asset_due_at 319 {"channel": "KN10001", "loanNo": "1047175727827218433", "lenderTime": "20221102180019"}
2023-05-22 11:26:14,320 INFO /Users/kuainiu/PycharmProjects/auto-test/app/services/__init__.py change_asset_due_at 364 [{"channel": "KN10001", "num": "1", "loanNo": "1110159623711453185", "dueDate": "20230522"}, {"channel": "KN10001", "num": "2", "loanNo": "1110159623711453185", "dueDate": "20230622"}, {"channel": "KN10001", "num": "3", "loanNo": "1110159623711453185", "dueDate": "20230722"}, {"channel": "KN10001", "num": "4", "loanNo": "1110159623711453185", "dueDate": "20230822"}, {"channel": "KN10001", "num": "5", "loanNo": "1110159623711453185", "dueDate": "20230922"}, {"channel": "KN10001", "num": "6", "loanNo": "1110159623711453185", "dueDate": "20231022"}, {"channel": "KN10001", "num": "7", "loanNo": "1110159623711453185", "dueDate": "20231122"}, {"channel": "KN10001", "num": "8", "loanNo": "1110159623711453185", "dueDate": "20231222"}, {"channel": "KN10001", "num": "9", "loanNo": "1110159623711453185", "dueDate": "20240122"}, {"channel": "KN10001", "num": "10", "loanNo": "1110159623711453185", "dueDate": "20240222"}, {"channel": "KN10001", "num": "11", "loanNo": "1110159623711453185", "dueDate": "20240322"}, {"channel": "KN10001", "num": "12", "loanNo": "1110159623711453185", "dueDate": "20240422"}]
2023-05-22 11:26:17,914 INFO /Users/kuainiu/PycharmProjects/auto-test/app/services/__init__.py change_asset_due_at 364 []
2023-05-22 11:29:02,165 INFO /Users/kuainiu/PycharmProjects/auto-test/app/services/__init__.py change_asset_due_at 364 [{"channel": "KN10001", "num": "1", "loanNo": "1110159623711453185", "dueDate": "20230522"}, {"channel": "KN10001", "num": "2", "loanNo": "1110159623711453185", "dueDate": "20230622"}, {"channel": "KN10001", "num": "3", "loanNo": "1110159623711453185", "dueDate": "20230722"}, {"channel": "KN10001", "num": "4", "loanNo": "1110159623711453185", "dueDate": "20230822"}, {"channel": "KN10001", "num": "5", "loanNo": "1110159623711453185", "dueDate": "20230922"}, {"channel": "KN10001", "num": "6", "loanNo": "1110159623711453185", "dueDate": "20231022"}, {"channel": "KN10001", "num": "7", "loanNo": "1110159623711453185", "dueDate": "20231122"}, {"channel": "KN10001", "num": "8", "loanNo": "1110159623711453185", "dueDate": "20231222"}, {"channel": "KN10001", "num": "9", "loanNo": "1110159623711453185", "dueDate": "20240122"}, {"channel": "KN10001", "num": "10", "loanNo": "1110159623711453185", "dueDate": "20240222"}, {"channel": "KN10001", "num": "11", "loanNo": "1110159623711453185", "dueDate": "20240322"}, {"channel": "KN10001", "num": "12", "loanNo": "1110159623711453185", "dueDate": "20240422"}]
2023-05-22 11:29:05,722 INFO /Users/kuainiu/PycharmProjects/auto-test/app/services/__init__.py change_asset_due_at 364 []
2023-05-22 11:31:41,896 INFO /Users/kuainiu/PycharmProjects/auto-test/app/services/__init__.py change_asset_due_at 364 [{"channel": "KN10001", "num": "1", "loanNo": "1110159623711453185", "dueDate": "20230522"}, {"channel": "KN10001", "num": "2", "loanNo": "1110159623711453185", "dueDate": "20230622"}, {"channel": "KN10001", "num": "3", "loanNo": "1110159623711453185", "dueDate": "20230722"}, {"channel": "KN10001", "num": "4", "loanNo": "1110159623711453185", "dueDate": "20230822"}, {"channel": "KN10001", "num": "5", "loanNo": "1110159623711453185", "dueDate": "20230922"}, {"channel": "KN10001", "num": "6", "loanNo": "1110159623711453185", "dueDate": "20231022"}, {"channel": "KN10001", "num": "7", "loanNo": "1110159623711453185", "dueDate": "20231122"}, {"channel": "KN10001", "num": "8", "loanNo": "1110159623711453185", "dueDate": "20231222"}, {"channel": "KN10001", "num": "9", "loanNo": "1110159623711453185", "dueDate": "20240122"}, {"channel": "KN10001", "num": "10", "loanNo": "1110159623711453185", "dueDate": "20240222"}, {"channel": "KN10001", "num": "11", "loanNo": "1110159623711453185", "dueDate": "20240322"}, {"channel": "KN10001", "num": "12", "loanNo": "1110159623711453185", "dueDate": "20240422"}]
2023-05-22 11:33:31,664 INFO /Users/kuainiu/PycharmProjects/auto-test/app/services/__init__.py change_asset_due_at 365 [{"channel": "KN10001", "num": "1", "loanNo": "1110159623711453185", "dueDate": "20230522"}, {"channel": "KN10001", "num": "2", "loanNo": "1110159623711453185", "dueDate": "20230622"}, {"channel": "KN10001", "num": "3", "loanNo": "1110159623711453185", "dueDate": "20230722"}, {"channel": "KN10001", "num": "4", "loanNo": "1110159623711453185", "dueDate": "20230822"}, {"channel": "KN10001", "num": "5", "loanNo": "1110159623711453185", "dueDate": "20230922"}, {"channel": "KN10001", "num": "6", "loanNo": "1110159623711453185", "dueDate": "20231022"}, {"channel": "KN10001", "num": "7", "loanNo": "1110159623711453185", "dueDate": "20231122"}, {"channel": "KN10001", "num": "8", "loanNo": "1110159623711453185", "dueDate": "20231222"}, {"channel": "KN10001", "num": "9", "loanNo": "1110159623711453185", "dueDate": "20240122"}, {"channel": "KN10001", "num": "10", "loanNo": "1110159623711453185", "dueDate": "20240222"}, {"channel": "KN10001", "num": "11", "loanNo": "1110159623711453185", "dueDate": "20240322"}, {"channel": "KN10001", "num": "12", "loanNo": "1110159623711453185", "dueDate": "20240422"}]
2023-05-22 11:33:32,191 INFO /Users/kuainiu/PycharmProjects/auto-test/app/services/__init__.py change_asset_due_at 366 {"channel": "KN10001", "loanNo": "1047175727827218433", "lenderTime": "20230422113307"}
2023-05-22 11:33:57,882 INFO /Users/kuainiu/PycharmProjects/auto-test/app/services/__init__.py change_asset_due_at 365 []
2023-05-22 11:33:57,883 INFO /Users/kuainiu/PycharmProjects/auto-test/app/services/__init__.py change_asset_due_at 366 {"channel": "KN10001", "loanNo": "1047175727827218433", "lenderTime": "20230422113354"}
2023-05-22 11:41:21,341 INFO /Users/kuainiu/PycharmProjects/auto-test/app/services/__init__.py change_asset_due_at 365 [{"channel": "KN10001", "num": "1", "loanNo": "1110159623711453185", "dueDate": "20230522"}, {"channel": "KN10001", "num": "2", "loanNo": "1110159623711453185", "dueDate": "20230622"}, {"channel": "KN10001", "num": "3", "loanNo": "1110159623711453185", "dueDate": "20230722"}, {"channel": "KN10001", "num": "4", "loanNo": "1110159623711453185", "dueDate": "20230822"}, {"channel": "KN10001", "num": "5", "loanNo": "1110159623711453185", "dueDate": "20230922"}, {"channel": "KN10001", "num": "6", "loanNo": "1110159623711453185", "dueDate": "20231022"}, {"channel": "KN10001", "num": "7", "loanNo": "1110159623711453185", "dueDate": "20231122"}, {"channel": "KN10001", "num": "8", "loanNo": "1110159623711453185", "dueDate": "20231222"}, {"channel": "KN10001", "num": "9", "loanNo": "1110159623711453185", "dueDate": "20240122"}, {"channel": "KN10001", "num": "10", "loanNo": "1110159623711453185", "dueDate": "20240222"}, {"channel": "KN10001", "num": "11", "loanNo": "1110159623711453185", "dueDate": "20240322"}, {"channel": "KN10001", "num": "12", "loanNo": "1110159623711453185", "dueDate": "20240422"}]
2023-05-22 11:41:21,943 INFO /Users/kuainiu/PycharmProjects/auto-test/app/services/__init__.py change_asset_due_at 366 {"channel": "KN10001", "loanNo": "1047175727827218433", "lenderTime": "20230422114111"}
2023-05-22 12:19:02,647 INFO /Users/kuainiu/PycharmProjects/auto-test/app/services/__init__.py change_asset_due_at 365 [{"channel": "KN10001", "num": "1", "loanNo": "1110159623711453185", "dueDate": "20230522"}, {"channel": "KN10001", "num": "2", "loanNo": "1110159623711453185", "dueDate": "20230622"}, {"channel": "KN10001", "num": "3", "loanNo": "1110159623711453185", "dueDate": "20230722"}, {"channel": "KN10001", "num": "4", "loanNo": "1110159623711453185", "dueDate": "20230822"}, {"channel": "KN10001", "num": "5", "loanNo": "1110159623711453185", "dueDate": "20230922"}, {"channel": "KN10001", "num": "6", "loanNo": "1110159623711453185", "dueDate": "20231022"}, {"channel": "KN10001", "num": "7", "loanNo": "1110159623711453185", "dueDate": "20231122"}, {"channel": "KN10001", "num": "8", "loanNo": "1110159623711453185", "dueDate": "20231222"}, {"channel": "KN10001", "num": "9", "loanNo": "1110159623711453185", "dueDate": "20240122"}, {"channel": "KN10001", "num": "10", "loanNo": "1110159623711453185", "dueDate": "20240222"}, {"channel": "KN10001", "num": "11", "loanNo": "1110159623711453185", "dueDate": "20240322"}, {"channel": "KN10001", "num": "12", "loanNo": "1110159623711453185", "dueDate": "20240422"}]
2023-05-22 12:19:03,541 INFO /Users/kuainiu/PycharmProjects/auto-test/app/services/__init__.py change_asset_due_at 366 {"channel": "KN10001", "loanNo": "1047175727827218433", "lenderTime": "20230422121852"}
2023-05-22 12:22:29,576 INFO /Users/kuainiu/PycharmProjects/auto-test/app/services/__init__.py change_asset_due_at 365 []
2023-05-22 12:22:30,968 INFO /Users/kuainiu/PycharmProjects/auto-test/app/services/__init__.py change_asset_due_at 366 {"channel": "KN10001", "loanNo": "1047175727827218433", "lenderTime": "20230422122154"}
2023-05-22 12:26:36,283 INFO /Users/kuainiu/PycharmProjects/auto-test/app/services/__init__.py change_asset_due_at 365 [{"channel": "KN10001", "num": "1", "loanNo": "1110159623711453185", "dueDate": "20230522"}, {"channel": "KN10001", "num": "2", "loanNo": "1110159623711453185", "dueDate": "20230622"}, {"channel": "KN10001", "num": "3", "loanNo": "1110159623711453185", "dueDate": "20230722"}, {"channel": "KN10001", "num": "4", "loanNo": "1110159623711453185", "dueDate": "20230822"}, {"channel": "KN10001", "num": "5", "loanNo": "1110159623711453185", "dueDate": "20230922"}, {"channel": "KN10001", "num": "6", "loanNo": "1110159623711453185", "dueDate": "20231022"}, {"channel": "KN10001", "num": "7", "loanNo": "1110159623711453185", "dueDate": "20231122"}, {"channel": "KN10001", "num": "8", "loanNo": "1110159623711453185", "dueDate": "20231222"}, {"channel": "KN10001", "num": "9", "loanNo": "1110159623711453185", "dueDate": "20240122"}, {"channel": "KN10001", "num": "10", "loanNo": "1110159623711453185", "dueDate": "20240222"}, {"channel": "KN10001", "num": "11", "loanNo": "1110159623711453185", "dueDate": "20240322"}, {"channel": "KN10001", "num": "12", "loanNo": "1110159623711453185", "dueDate": "20240422"}]
2023-05-22 12:26:39,696 INFO /Users/kuainiu/PycharmProjects/auto-test/app/services/__init__.py change_asset_due_at 366 {"channel": "KN10001", "loanNo": "1047175727827218433", "lenderTime": "20230422122625"}
